<?xml version="1.0" encoding="UTF-8"?>
<testsuite xmlns:xsi="http://www.w3.org/2001/XMLSchema-instance" xsi:noNamespaceSchemaLocation="https://maven.apache.org/surefire/maven-surefire-plugin/xsd/surefire-test-report-3.0.xsd" version="3.0" name="com.varsity.poepart3.POEpart3Test" time="0.271" tests="17" errors="0" skipped="0" failures="0">
  <properties>
    <property name="java.specification.version" value="21"/>
    <property name="sun.cpu.isalist" value="amd64"/>
    <property name="sun.jnu.encoding" value="Cp1252"/>
    <property name="java.class.path" value="C:\Users\lab_services_student\OneDrive - ADvTECH Ltd\Documents\NetBeansProjects\POEpart3\target\test-classes;C:\Users\lab_services_student\OneDrive - ADvTECH Ltd\Documents\NetBeansProjects\POEpart3\target\classes;C:\Users\lab_services_student\.m2\repository\com\google\code\gson\gson\2.10.1\gson-2.10.1.jar;C:\Users\lab_services_student\.m2\repository\org\junit\jupiter\junit-jupiter-api\5.10.3\junit-jupiter-api-5.10.3.jar;C:\Users\lab_services_student\.m2\repository\org\opentest4j\opentest4j\1.3.0\opentest4j-1.3.0.jar;C:\Users\lab_services_student\.m2\repository\org\junit\platform\junit-platform-commons\1.10.3\junit-platform-commons-1.10.3.jar;C:\Users\lab_services_student\.m2\repository\org\apiguardian\apiguardian-api\1.1.2\apiguardian-api-1.1.2.jar;C:\Users\lab_services_student\.m2\repository\org\junit\jupiter\junit-jupiter-params\5.10.3\junit-jupiter-params-5.10.3.jar;C:\Users\lab_services_student\.m2\repository\org\junit\jupiter\junit-jupiter-engine\5.10.3\junit-jupiter-engine-5.10.3.jar;C:\Users\lab_services_student\.m2\repository\org\junit\platform\junit-platform-engine\1.10.3\junit-platform-engine-1.10.3.jar;"/>
    <property name="java.vm.vendor" value="Amazon.com Inc."/>
    <property name="sun.arch.data.model" value="64"/>
    <property name="user.variant" value=""/>
    <property name="java.vendor.url" value="https://aws.amazon.com/corretto/"/>
    <property name="user.timezone" value="Africa/Johannesburg"/>
    <property name="os.name" value="Windows 11"/>
    <property name="java.vm.specification.version" value="21"/>
    <property name="user.country" value="US"/>
    <property name="sun.java.launcher" value="SUN_STANDARD"/>
    <property name="sun.boot.library.path" value="C:\Program Files\Amazon Corretto\jdk21.0.5_11\bin"/>
    <property name="sun.java.command" value="C:\Users\lab_services_student\AppData\Local\Temp\surefire784210960204885408\surefirebooter-20250624202153846_3.jar C:\Users\lab_services_student\AppData\Local\Temp\surefire784210960204885408 2025-06-24T20-21-53_651-jvmRun1 surefire-20250624202153846_1tmp surefire_0-20250624202153846_2tmp"/>
    <property name="jdk.debug" value="release"/>
    <property name="test" value="com.varsity.poepart3.POEpart3Test"/>
    <property name="surefire.test.class.path" value="C:\Users\lab_services_student\OneDrive - ADvTECH Ltd\Documents\NetBeansProjects\POEpart3\target\test-classes;C:\Users\lab_services_student\OneDrive - ADvTECH Ltd\Documents\NetBeansProjects\POEpart3\target\classes;C:\Users\lab_services_student\.m2\repository\com\google\code\gson\gson\2.10.1\gson-2.10.1.jar;C:\Users\lab_services_student\.m2\repository\org\junit\jupiter\junit-jupiter-api\5.10.3\junit-jupiter-api-5.10.3.jar;C:\Users\lab_services_student\.m2\repository\org\opentest4j\opentest4j\1.3.0\opentest4j-1.3.0.jar;C:\Users\lab_services_student\.m2\repository\org\junit\platform\junit-platform-commons\1.10.3\junit-platform-commons-1.10.3.jar;C:\Users\lab_services_student\.m2\repository\org\apiguardian\apiguardian-api\1.1.2\apiguardian-api-1.1.2.jar;C:\Users\lab_services_student\.m2\repository\org\junit\jupiter\junit-jupiter-params\5.10.3\junit-jupiter-params-5.10.3.jar;C:\Users\lab_services_student\.m2\repository\org\junit\jupiter\junit-jupiter-engine\5.10.3\junit-jupiter-engine-5.10.3.jar;C:\Users\lab_services_student\.m2\repository\org\junit\platform\junit-platform-engine\1.10.3\junit-platform-engine-1.10.3.jar;"/>
    <property name="sun.cpu.endian" value="little"/>
    <property name="user.home" value="C:\Users\lab_services_student"/>
    <property name="user.language" value="en"/>
    <property name="java.specification.vendor" value="Oracle Corporation"/>
    <property name="java.version.date" value="2024-10-15"/>
    <property name="java.home" value="C:\Program Files\Amazon Corretto\jdk21.0.5_11"/>
    <property name="file.separator" value="\"/>
    <property name="basedir" value="C:\Users\lab_services_student\OneDrive - ADvTECH Ltd\Documents\NetBeansProjects\POEpart3"/>
    <property name="java.vm.compressedOopsMode" value="Zero based"/>
    <property name="line.separator" value="&#10;"/>
    <property name="java.vm.specification.vendor" value="Oracle Corporation"/>
    <property name="java.specification.name" value="Java Platform API Specification"/>
    <property name="surefire.real.class.path" value="C:\Users\lab_services_student\AppData\Local\Temp\surefire784210960204885408\surefirebooter-20250624202153846_3.jar"/>
    <property name="user.script" value=""/>
    <property name="sun.management.compiler" value="HotSpot 64-Bit Tiered Compilers"/>
    <property name="java.runtime.version" value="21.0.5+11-LTS"/>
    <property name="user.name" value="lab_services_student"/>
    <property name="stdout.encoding" value="Cp1252"/>
    <property name="path.separator" value=";"/>
    <property name="os.version" value="10.0"/>
    <property name="java.runtime.name" value="OpenJDK Runtime Environment"/>
    <property name="file.encoding" value="UTF-8"/>
    <property name="java.vm.name" value="OpenJDK 64-Bit Server VM"/>
    <property name="java.vendor.version" value="Corretto-21.0.5.11.1"/>
    <property name="maven.ext.class.path" value="C:\Program Files\NetBeans-24\netbeans\java\maven-nblib\netbeans-eventspy.jar"/>
    <property name="localRepository" value="C:\Users\lab_services_student\.m2\repository"/>
    <property name="java.vendor.url.bug" value="https://github.com/corretto/corretto-21/issues/"/>
    <property name="java.io.tmpdir" value="C:\Users\LAB_SE~1\AppData\Local\Temp\"/>
    <property name="java.version" value="21.0.5"/>
    <property name="user.dir" value="C:\Users\lab_services_student\OneDrive - ADvTECH Ltd\Documents\NetBeansProjects\POEpart3"/>
    <property name="os.arch" value="amd64"/>
    <property name="java.vm.specification.name" value="Java Virtual Machine Specification"/>
    <property name="sun.os.patch.level" value=""/>
    <property name="native.encoding" value="Cp1252"/>
    <property name="java.library.path" value="C:\Program Files\Amazon Corretto\jdk21.0.5_11\bin;C:\Windows\Sun\Java\bin;C:\Windows\system32;C:\Windows;C:\Program Files\Amazon Corretto\jdk21.0.5_11\bin;C:\Program Files (x86)\Common Files\Oracle\Java\java8path;C:\Program Files (x86)\Common Files\Oracle\Java\javapath;C:\Program Files (x86)\Microsoft SDKs\Azure\CLI2\wbin;C:\Windows\system32;C:\Windows;C:\Windows\System32\Wbem;C:\Windows\System32\WindowsPowerShell\v1.0\;C:\Windows\System32\OpenSSH\;C:\Program Files\GitHub CLI\;C:\Users\vmadmin\AppData\Local\Microsoft\WindowsApps;C:\Program Files\Azure Dev CLI;C:\Program Files\PowerShell\7\;C:\Program Files\Microsoft VS Code\bin;C:\ProgramData\chocolatey\bin;C:\Program Files\Git\cmd;C:\Users\lab_services_student\AppData\Local\Microsoft\WindowsApps;C:\Users\lab_services_student\AppData\Local\GitHubDesktop\bin;C:\tools\mysql\current\bin;."/>
    <property name="java.vm.info" value="mixed mode, sharing"/>
    <property name="stderr.encoding" value="Cp1252"/>
    <property name="java.vendor" value="Amazon.com Inc."/>
    <property name="java.vm.version" value="21.0.5+11-LTS"/>
    <property name="sun.io.unicode.encoding" value="UnicodeLittle"/>
    <property name="java.class.version" value="65.0"/>
  </properties>
  <testcase name="testPrintdisreagard" classname="com.varsity.poepart3.POEpart3Test" time="0.037">
    <system-out><![CDATA[printdisreagard
No disreagarded messages
]]></system-out>
  </testcase>
  <testcase name="testFindid2" classname="com.varsity.poepart3.POEpart3Test" time="0.005">
    <system-out><![CDATA[findid2
No messages are disregarded. or the id is incorrect.
]]></system-out>
  </testcase>
  <testcase name="testArray" classname="com.varsity.poepart3.POEpart3Test" time="0.089">
    <system-out><![CDATA[array
Record{idnum='5208584770', cellNum='+27456', message='hello json', hashnum='52:1hellojson'}
Record{idnum='9478142926', cellNum='+271234', message='hello', hashnum='94:1hellohello'}
Record{idnum='6891531879', cellNum='+279876', message='how are you', hashnum='68:2howyou'}
Record{idnum='5065858289', cellNum='+27345', message='hi', hashnum='50:1:hihi'}
Record{idnum='0446253888', cellNum='+27838884567', message='where are you? you are late! i have asked you to be on time', hashnum='04:0:wheretime'}
Record{idnum='3111429190', cellNum='+27834484567', message='ok, I am leaving without you', hashnum='31:1:ok,you'}
]]></system-out>
  </testcase>
  <testcase name="testSend" classname="com.varsity.poepart3.POEpart3Test" time="0.005">
    <system-out><![CDATA[send
]]></system-out>
  </testcase>
  <testcase name="testPrinthash" classname="com.varsity.poepart3.POEpart3Test" time="0.002">
    <system-out><![CDATA[printhash
No typed messages
]]></system-out>
  </testcase>
  <testcase name="testPrintsend" classname="com.varsity.poepart3.POEpart3Test" time="0.002">
    <system-out><![CDATA[printsend
No sent messages
]]></system-out>
  </testcase>
  <testcase name="testArraylong" classname="com.varsity.poepart3.POEpart3Test" time="0.006">
    <system-out><![CDATA[arraylong
The longest element is: where are you? you are late! i have asked you to be on time
]]></system-out>
  </testcase>
  <testcase name="testPrintid" classname="com.varsity.poepart3.POEpart3Test" time="0.002">
    <system-out><![CDATA[printid
No typed messages
]]></system-out>
  </testcase>
  <testcase name="testFindhash" classname="com.varsity.poepart3.POEpart3Test" time="0.002">
    <system-out><![CDATA[findhash
No messages are sent. or the hash is incorrect.
]]></system-out>
  </testcase>
  <testcase name="testCounter1" classname="com.varsity.poepart3.POEpart3Test" time="0.003">
    <system-out><![CDATA[counter1
]]></system-out>
  </testcase>
  <testcase name="testHashmethod" classname="com.varsity.poepart3.POEpart3Test" time="0.005">
    <system-out><![CDATA[hashmethod
]]></system-out>
  </testcase>
  <testcase name="testFindLongestSend" classname="com.varsity.poepart3.POEpart3Test" time="0.003">
    <system-out><![CDATA[findLongestSend
Array is empty or null.
]]></system-out>
  </testcase>
  <testcase name="testIdmethod" classname="com.varsity.poepart3.POEpart3Test" time="0.002">
    <system-out><![CDATA[idmethod
]]></system-out>
  </testcase>
  <testcase name="testDisregard" classname="com.varsity.poepart3.POEpart3Test" time="0.002">
    <system-out><![CDATA[disregard
]]></system-out>
  </testcase>
  <testcase name="testFindhash2" classname="com.varsity.poepart3.POEpart3Test" time="0.002">
    <system-out><![CDATA[findhash2
No messages are disregarded. or the id is incorrect.
]]></system-out>
  </testcase>
  <testcase name="testFindid" classname="com.varsity.poepart3.POEpart3Test" time="0.01">
    <system-out><![CDATA[findid
No messages are sent. or the id is incorrect.
]]></system-out>
  </testcase>
  <testcase name="testFindLongestDis" classname="com.varsity.poepart3.POEpart3Test" time="0.003">
    <system-out><![CDATA[findLongestDis
Array is empty or null.
]]></system-out>
  </testcase>
</testsuite>